# JRE version: OpenJDK Runtime Environment (17.0.16+8) (build 17.0.16+8-Debian-1deb12u1)
# Java VM: OpenJDK 64-Bit Server VM (17.0.16+8-Debian-1deb12u1, mixed mode, sharing, tiered, compressed oops, compressed class ptrs, serial gc, linux-amd64)
GC Precious Log:
 CPUs: 2 total, 2 available
 Memory: 512M
 Large Page Support: Disabled
 NUMA Support: Disabled
 Compressed Oops: Enabled (32-bit)
 Heap Min Capacity: 32M
 Heap Initial Capacity: 32M
 Heap Max Capacity: 256M
 Pre-touch: Disabled
Heap:
 def new generation   total 71168K, used 0K [0x00000000f0000000, 0x00000000f4d30000, 0x00000000f5550000)
  eden space 63296K,   0% used [0x00000000f0000000, 0x00000000f0000000, 0x00000000f3dd0000)
  from space 7872K,   0% used [0x00000000f3dd0000, 0x00000000f3dd0000, 0x00000000f4580000)
  to   space 7872K,   0% used [0x00000000f4580000, 0x00000000f4580000, 0x00000000f4d30000)
 tenured generation   total 157960K, used 104872K [0x00000000f5550000, 0x00000000fef92000, 0x0000000100000000)
   the space 157960K,  66% used [0x00000000f5550000, 0x00000000fbbba030, 0x00000000fbbba200, 0x00000000fef92000)
 Metaspace       used 21282K, committed 21504K, reserved 1114112K
  class space    used 2941K, committed 3072K, reserved 1048576K
GC Heap History (20 events):
Event: 1.062 GC heap after
{Heap after GC invocations=6 (full 0):
 def new generation   total 9792K, used 1088K [0x00000000f0000000, 0x00000000f0aa0000, 0x00000000f5550000)
  eden space 8704K,   0% used [0x00000000f0000000, 0x00000000f0000000, 0x00000000f0880000)
  from space 1088K, 100% used [0x00000000f0880000, 0x00000000f0990000, 0x00000000f0990000)
  to   space 1088K,   0% used [0x00000000f0990000, 0x00000000f0990000, 0x00000000f0aa0000)
 tenured generation   total 25344K, used 25241K [0x00000000f5550000, 0x00000000f6e10000, 0x0000000100000000)
   the space 25344K,  99% used [0x00000000f5550000, 0x00000000f6df65c8, 0x00000000f6df6600, 0x00000000f6e10000)
 Metaspace       used 264K, committed 448K, reserved 1114112K
  class space    used 15K, committed 128K, reserved 1048576K
}
Event: 1.062 GC heap before
{Heap before GC invocations=6 (full 0):
 def new generation   total 9792K, used 1088K [0x00000000f0000000, 0x00000000f0aa0000, 0x00000000f5550000)
  eden space 8704K,   0% used [0x00000000f0000000, 0x00000000f0000000, 0x00000000f0880000)
  from space 1088K, 100% used [0x00000000f0880000, 0x00000000f0990000, 0x00000000f0990000)
  to   space 1088K,   0% used [0x00000000f0990000, 0x00000000f0990000, 0x00000000f0aa0000)
 tenured generation   total 25344K, used 25241K [0x00000000f5550000, 0x00000000f6e10000, 0x0000000100000000)
   the space 25344K,  99% used [0x00000000f5550000, 0x00000000f6df65c8, 0x00000000f6df6600, 0x00000000f6e10000)
 Metaspace       used 264K, committed 448K, reserved 1114112K
  class space    used 15K, committed 128K, reserved 1048576K
}
Event: 1.139 GC heap after
{Heap after GC invocations=6 (full 1):
 def new generation   total 19072K, used 988K [0x00000000f0000000, 0x00000000f14b0000, 0x00000000f5550000)
  eden space 16960K,   5% used [0x00000000f0000000, 0x00000000f00f72e8, 0x00000000f1090000)
  from space 2112K,   0% used [0x00000000f1090000, 0x00000000f1090000, 0x00000000f12a0000)
  to   space 2112K,   0% used [0x00000000f12a0000, 0x00000000f12a0000, 0x00000000f14b0000)
 tenured generation   total 42236K, used 25340K [0x00000000f5550000, 0x00000000f7e8f000, 0x0000000100000000)
   the space 42236K,  59% used [0x00000000f5550000, 0x00000000f6e0f2e0, 0x00000000f6e0f400, 0x00000000f7e8f000)
 Metaspace       used 264K, committed 448K, reserved 1114112K
  class space    used 15K, committed 128K, reserved 1048576K
}
Event: 1.278 GC heap before
{Heap before GC invocations=6 (full 1):
 def new generation   total 19072K, used 16960K [0x00000000f0000000, 0x00000000f14b0000, 0x00000000f5550000)
  eden space 16960K, 100% used [0x00000000f0000000, 0x00000000f1090000, 0x00000000f1090000)
  from space 2112K,   0% used [0x00000000f1090000, 0x00000000f1090000, 0x00000000f12a0000)
  to   space 2112K,   0% used [0x00000000f12a0000, 0x00000000f12a0000, 0x00000000f14b0000)
 tenured generation   total 42236K, used 25340K [0x00000000f5550000, 0x00000000f7e8f000, 0x0000000100000000)
   the space 42236K,  59% used [0x00000000f5550000, 0x00000000f6e0f2e0, 0x00000000f6e0f400, 0x00000000f7e8f000)
 Metaspace       used 264K, committed 448K, reserved 1114112K
  class space    used 15K, committed 128K, reserved 1048576K
}
Event: 1.323 GC heap after
{Heap after GC invocations=7 (full 1):
 def new generation   total 19072K, used 2112K [0x00000000f0000000, 0x00000000f14b0000, 0x00000000f5550000)
  eden space 16960K,   0% used [0x00000000f0000000, 0x00000000f0000000, 0x00000000f1090000)
  from space 2112K, 100% used [0x00000000f12a0000, 0x00000000f14b0000, 0x00000000f14b0000)
  to   space 2112K,   0% used [0x00000000f1090000, 0x00000000f1090000, 0x00000000f12a0000)
 tenured generation   total 42236K, used 32185K [0x00000000f5550000, 0x00000000f7e8f000, 0x0000000100000000)
   the space 42236K,  76% used [0x00000000f5550000, 0x00000000f74be5c8, 0x00000000f74be600, 0x00000000f7e8f000)
 Metaspace       used 264K, committed 448K, reserved 1114112K
  class space    used 15K, committed 128K, reserved 1048576K
}
Event: 1.522 GC heap before
{Heap before GC invocations=7 (full 1):
 def new generation   total 19072K, used 19072K [0x00000000f0000000, 0x00000000f14b0000, 0x00000000f5550000)
  eden space 16960K, 100% used [0x00000000f0000000, 0x00000000f1090000, 0x00000000f1090000)
  from space 2112K, 100% used [0x00000000f12a0000, 0x00000000f14b0000, 0x00000000f14b0000)
  to   space 2112K,   0% used [0x00000000f1090000, 0x00000000f1090000, 0x00000000f12a0000)
 tenured generation   total 42236K, used 32185K [0x00000000f5550000, 0x00000000f7e8f000, 0x0000000100000000)
   the space 42236K,  76% used [0x00000000f5550000, 0x00000000f74be5c8, 0x00000000f74be600, 0x00000000f7e8f000)
 Metaspace       used 264K, committed 448K, reserved 1114112K
  class space    used 15K, committed 128K, reserved 1048576K
}
Event: 1.561 GC heap after
{Heap after GC invocations=8 (full 1):
 def new generation   total 19072K, used 2111K [0x00000000f0000000, 0x00000000f14b0000, 0x00000000f5550000)
  eden space 16960K,   0% used [0x00000000f0000000, 0x00000000f0000000, 0x00000000f1090000)
  from space 2112K,  99% used [0x00000000f1090000, 0x00000000f129fff8, 0x00000000f12a0000)
  to   space 2112K,   0% used [0x00000000f12a0000, 0x00000000f12a0000, 0x00000000f14b0000)
 tenured generation   total 42236K, used 40652K [0x00000000f5550000, 0x00000000f7e8f000, 0x0000000100000000)
   the space 42236K,  96% used [0x00000000f5550000, 0x00000000f7d031b0, 0x00000000f7d03200, 0x00000000f7e8f000)
 Metaspace       used 264K, committed 448K, reserved 1114112K
  class space    used 15K, committed 128K, reserved 1048576K
}
Event: 1.660 GC heap before
{Heap before GC invocations=8 (full 1):
 def new generation   total 19072K, used 19071K [0x00000000f0000000, 0x00000000f14b0000, 0x00000000f5550000)
  eden space 16960K, 100% used [0x00000000f0000000, 0x00000000f1090000, 0x00000000f1090000)
  from space 2112K,  99% used [0x00000000f1090000, 0x00000000f129fff8, 0x00000000f12a0000)
  to   space 2112K,   0% used [0x00000000f12a0000, 0x00000000f12a0000, 0x00000000f14b0000)
 tenured generation   total 42236K, used 40652K [0x00000000f5550000, 0x00000000f7e8f000, 0x0000000100000000)
   the space 42236K,  96% used [0x00000000f5550000, 0x00000000f7d031b0, 0x00000000f7d03200, 0x00000000f7e8f000)
 Metaspace       used 264K, committed 448K, reserved 1114112K
  class space    used 15K, committed 128K, reserved 1048576K
}
Event: 1.719 GC heap after
{Heap after GC invocations=9 (full 1):
 def new generation   total 19072K, used 2111K [0x00000000f0000000, 0x00000000f14b0000, 0x00000000f5550000)
  eden space 16960K,   0% used [0x00000000f0000000, 0x00000000f0000000, 0x00000000f1090000)
  from space 2112K,  99% used [0x00000000f12a0000, 0x00000000f14afff8, 0x00000000f14b0000)
  to   space 2112K,   0% used [0x00000000f1090000, 0x00000000f1090000, 0x00000000f12a0000)
 tenured generation   total 49200K, used 49184K [0x00000000f5550000, 0x00000000f855c000, 0x0000000100000000)
   the space 49200K,  99% used [0x00000000f5550000, 0x00000000f8558130, 0x00000000f8558200, 0x00000000f855c000)
 Metaspace       used 264K, committed 448K, reserved 1114112K
  class space    used 15K, committed 128K, reserved 1048576K
}
Event: 1.719 GC heap before
{Heap before GC invocations=9 (full 1):
 def new generation   total 19072K, used 2111K [0x00000000f0000000, 0x00000000f14b0000, 0x00000000f5550000)
  eden space 16960K,   0% used [0x00000000f0000000, 0x00000000f0000000, 0x00000000f1090000)
  from space 2112K,  99% used [0x00000000f12a0000, 0x00000000f14afff8, 0x00000000f14b0000)
  to   space 2112K,   0% used [0x00000000f1090000, 0x00000000f1090000, 0x00000000f12a0000)
 tenured generation   total 49200K, used 49184K [0x00000000f5550000, 0x00000000f855c000, 0x0000000100000000)
   the space 49200K,  99% used [0x00000000f5550000, 0x00000000f8558130, 0x00000000f8558200, 0x00000000f855c000)
 Metaspace       used 264K, committed 448K, reserved 1114112K
  class space    used 15K, committed 128K, reserved 1048576K
}
Event: 1.785 GC heap after
{Heap after GC invocations=9 (full 2):
 def new generation   total 36928K, used 2096K [0x00000000f0000000, 0x00000000f2810000, 0x00000000f5550000)
  eden space 32832K,   6% used [0x00000000f0000000, 0x00000000f020c138, 0x00000000f2010000)
  from space 4096K,   0% used [0x00000000f2010000, 0x00000000f2010000, 0x00000000f2410000)
  to   space 4096K,   0% used [0x00000000f2410000, 0x00000000f2410000, 0x00000000f2810000)
 tenured generation   total 82000K, used 49199K [0x00000000f5550000, 0x00000000fa564000, 0x0000000100000000)
   the space 82000K,  59% used [0x00000000f5550000, 0x00000000f855bff0, 0x00000000f855c000, 0x00000000fa564000)
 Metaspace       used 264K, committed 448K, reserved 1114112K
  class space    used 15K, committed 128K, reserved 1048576K
}
Event: 1.905 GC heap before
{Heap before GC invocations=9 (full 2):
 def new generation   total 36928K, used 32832K [0x00000000f0000000, 0x00000000f2810000, 0x00000000f5550000)
  eden space 32832K, 100% used [0x00000000f0000000, 0x00000000f2010000, 0x00000000f2010000)
  from space 4096K,   0% used [0x00000000f2010000, 0x00000000f2010000, 0x00000000f2410000)
  to   space 4096K,   0% used [0x00000000f2410000, 0x00000000f2410000, 0x00000000f2810000)
 tenured generation   total 82000K, used 49199K [0x00000000f5550000, 0x00000000fa564000, 0x0000000100000000)
   the space 82000K,  59% used [0x00000000f5550000, 0x00000000f855bff0, 0x00000000f855c000, 0x00000000fa564000)
 Metaspace       used 264K, committed 448K, reserved 1114112K
  class space    used 15K, committed 128K, reserved 1048576K
}
Event: 1.984 GC heap after
{Heap after GC invocations=10 (full 2):
 def new generation   total 36928K, used 4096K [0x00000000f0000000, 0x00000000f2810000, 0x00000000f5550000)
  eden space 32832K,   0% used [0x00000000f0000000, 0x00000000f0000000, 0x00000000f2010000)
  from space 4096K, 100% used [0x00000000f2410000, 0x00000000f2810000, 0x00000000f2810000)
  to   space 4096K,   0% used [0x00000000f2010000, 0x00000000f2010000, 0x00000000f2410000)
 tenured generation   total 82000K, used 62580K [0x00000000f5550000, 0x00000000fa564000, 0x0000000100000000)
   the space 82000K,  76% used [0x00000000f5550000, 0x00000000f926d1a0, 0x00000000f926d200, 0x00000000fa564000)
 Metaspace       used 264K, committed 448K, reserved 1114112K
  class space    used 15K, committed 128K, reserved 1048576K
}
Event: 2.121 GC heap before
{Heap before GC invocations=10 (full 2):
 def new generation   total 36928K, used 36928K [0x00000000f0000000, 0x00000000f2810000, 0x00000000f5550000)
  eden space 32832K, 100% used [0x00000000f0000000, 0x00000000f2010000, 0x00000000f2010000)
  from space 4096K, 100% used [0x00000000f2410000, 0x00000000f2810000, 0x00000000f2810000)
  to   space 4096K,   0% used [0x00000000f2010000, 0x00000000f2010000, 0x00000000f2410000)
 tenured generation   total 82000K, used 62580K [0x00000000f5550000, 0x00000000fa564000, 0x0000000100000000)
   the space 82000K,  76% used [0x00000000f5550000, 0x00000000f926d1a0, 0x00000000f926d200, 0x00000000fa564000)
 Metaspace       used 264K, committed 448K, reserved 1114112K
  class space    used 15K, committed 128K, reserved 1048576K
}
Event: 2.219 GC heap after
{Heap after GC invocations=11 (full 2):
 def new generation   total 36928K, used 4095K [0x00000000f0000000, 0x00000000f2810000, 0x00000000f5550000)
  eden space 32832K,   0% used [0x00000000f0000000, 0x00000000f0000000, 0x00000000f2010000)
  from space 4096K,  99% used [0x00000000f2010000, 0x00000000f240fff0, 0x00000000f2410000)
  to   space 4096K,   0% used [0x00000000f2410000, 0x00000000f2410000, 0x00000000f2810000)
 tenured generation   total 82000K, used 78997K [0x00000000f5550000, 0x00000000fa564000, 0x0000000100000000)
   the space 82000K,  96% used [0x00000000f5550000, 0x00000000fa275600, 0x00000000fa275600, 0x00000000fa564000)
 Metaspace       used 264K, committed 448K, reserved 1114112K
  class space    used 15K, committed 128K, reserved 1048576K
}
Event: 2.501 GC heap before
{Heap before GC invocations=11 (full 2):
 def new generation   total 36928K, used 36714K [0x00000000f0000000, 0x00000000f2810000, 0x00000000f5550000)
  eden space 32832K,  99% used [0x00000000f0000000, 0x00000000f1fdabe0, 0x00000000f2010000)
  from space 4096K,  99% used [0x00000000f2010000, 0x00000000f240fff0, 0x00000000f2410000)
  to   space 4096K,   0% used [0x00000000f2410000, 0x00000000f2410000, 0x00000000f2810000)
 tenured generation   total 82000K, used 78997K [0x00000000f5550000, 0x00000000fa564000, 0x0000000100000000)
   the space 82000K,  96% used [0x00000000f5550000, 0x00000000fa275600, 0x00000000fa275600, 0x00000000fa564000)
 Metaspace       used 280K, committed 448K, reserved 1114112K
  class space    used 15K, committed 128K, reserved 1048576K
}
Event: 2.620 GC heap after
{Heap after GC invocations=12 (full 2):
 def new generation   total 36928K, used 4096K [0x00000000f0000000, 0x00000000f2810000, 0x00000000f5550000)
  eden space 32832K,   0% used [0x00000000f0000000, 0x00000000f0000000, 0x00000000f2010000)
  from space 4096K, 100% used [0x00000000f2410000, 0x00000000f2810000, 0x00000000f2810000)
  to   space 4096K,   0% used [0x00000000f2010000, 0x00000000f2010000, 0x00000000f2410000)
 tenured generation   total 94776K, used 94744K [0x00000000f5550000, 0x00000000fb1de000, 0x0000000100000000)
   the space 94776K,  99% used [0x00000000f5550000, 0x00000000fb1d62f8, 0x00000000fb1d6400, 0x00000000fb1de000)
 Metaspace       used 280K, committed 448K, reserved 1114112K
  class space    used 15K, committed 128K, reserved 1048576K
}
Event: 2.620 GC heap before
{Heap before GC invocations=12 (full 2):
 def new generation   total 36928K, used 4096K [0x00000000f0000000, 0x00000000f2810000, 0x00000000f5550000)
  eden space 32832K,   0% used [0x00000000f0000000, 0x00000000f0000000, 0x00000000f2010000)
  from space 4096K, 100% used [0x00000000f2410000, 0x00000000f2810000, 0x00000000f2810000)
  to   space 4096K,   0% used [0x00000000f2010000, 0x00000000f2010000, 0x00000000f2410000)
 tenured generation   total 94776K, used 94744K [0x00000000f5550000, 0x00000000fb1de000, 0x0000000100000000)
   the space 94776K,  99% used [0x00000000f5550000, 0x00000000fb1d62f8, 0x00000000fb1d6400, 0x00000000fb1de000)
 Metaspace       used 280K, committed 448K, reserved 1114112K
  class space    used 15K, committed 128K, reserved 1048576K
}
Event: 2.723 GC heap after
{Heap after GC invocations=12 (full 3):
 def new generation   total 71168K, used 4064K [0x00000000f0000000, 0x00000000f4d30000, 0x00000000f5550000)
  eden space 63296K,   6% used [0x00000000f0000000, 0x00000000f03f82f8, 0x00000000f3dd0000)
  from space 7872K,   0% used [0x00000000f3dd0000, 0x00000000f3dd0000, 0x00000000f4580000)
  to   space 7872K,   0% used [0x00000000f4580000, 0x00000000f4580000, 0x00000000f4d30000)
 tenured generation   total 157960K, used 94776K [0x00000000f5550000, 0x00000000fef92000, 0x0000000100000000)
   the space 157960K,  60% used [0x00000000f5550000, 0x00000000fb1de000, 0x00000000fb1de000, 0x00000000fef92000)
 Metaspace       used 280K, committed 448K, reserved 1114112K
  class space    used 15K, committed 128K, reserved 1048576K
}
Event: 11.860 GC heap before
{Heap before GC invocations=12 (full 3):
 def new generation   total 71168K, used 62148K [0x00000000f0000000, 0x00000000f4d30000, 0x00000000f5550000)
  eden space 63296K,  98% used [0x00000000f0000000, 0x00000000f3cb1208, 0x00000000f3dd0000)
  from space 7872K,   0% used [0x00000000f3dd0000, 0x00000000f3dd0000, 0x00000000f4580000)
  to   space 7872K,   0% used [0x00000000f4580000, 0x00000000f4580000, 0x00000000f4d30000)
 tenured generation   total 157960K, used 94776K [0x00000000f5550000, 0x00000000fef92000, 0x0000000100000000)
   the space 157960K,  60% used [0x00000000f5550000, 0x00000000fb1de000, 0x00000000fb1de000, 0x00000000fef92000)
 Metaspace       used 21282K, committed 21504K, reserved 1114112K
  class space    used 2941K, committed 3072K, reserved 1048576K
}

